app/build/intermediates/manifest_merge_blame_file/debug/manifest-merger-blame-debug-report.txt
1<?xml version="1.0" encoding="utf-8"?>
2<manifest xmlns:android="http://schemas.android.com/apk/res/android"
3    package="com.myself.demo"
4    android:versionCode="1"
5    android:versionName="1.0" >
6
7    <uses-sdk
8        android:minSdkVersion="24"
8-->src\main\AndroidManifest.xml
9        android:targetSdkVersion="33" />
9-->src\main\AndroidManifest.xml
10
11    <uses-permission android:name="android.permission.INTERNET" />
11-->src\main\AndroidManifest.xml:4:5-67
11-->src\main\AndroidManifest.xml:4:22-64
12    <uses-permission android:name="android.permission.ACCESS_NETWORK_STATE" />
12-->src\main\AndroidManifest.xml:5:5-79
12-->src\main\AndroidManifest.xml:5:22-76
13    <uses-permission android:name="android.permission.REQUEST_INSTALL_PACKAGES" />
13-->src\main\AndroidManifest.xml:6:5-83
13-->src\main\AndroidManifest.xml:6:22-80
14
15    <permission
15-->[androidx.core:core:1.12.0-alpha03] AndroidManifest.xml:22:5-24:47
16        android:name="com.myself.demo.DYNAMIC_RECEIVER_NOT_EXPORTED_PERMISSION"
16-->[androidx.core:core:1.12.0-alpha03] AndroidManifest.xml:23:9-81
17        android:protectionLevel="signature" />
17-->[androidx.core:core:1.12.0-alpha03] AndroidManifest.xml:24:9-44
18
19    <uses-permission android:name="com.myself.demo.DYNAMIC_RECEIVER_NOT_EXPORTED_PERMISSION" /> <!-- Permission will be merged into the manifest of the hosting app. -->
19-->[androidx.core:core:1.12.0-alpha03] AndroidManifest.xml:26:5-97
19-->[androidx.core:core:1.12.0-alpha03] AndroidManifest.xml:26:22-94
20    <!-- Is required to launch foreground extraction service for targetSdkVersion 28+. -->
21    <uses-permission android:name="android.permission.FOREGROUND_SERVICE" />
21-->[com.google.android.play:core:1.10.3] AndroidManifest.xml:13:5-77
21-->[com.google.android.play:core:1.10.3] AndroidManifest.xml:13:22-74
22
23    <application
23-->src\main\AndroidManifest.xml:8:5-29:19
24        android:allowBackup="true"
24-->src\main\AndroidManifest.xml:9:9-35
25        android:appComponentFactory="androidx.core.app.CoreComponentFactory"
25-->[androidx.core:core:1.12.0-alpha03] AndroidManifest.xml:28:18-86
26        android:dataExtractionRules="@xml/data_extraction_rules"
26-->src\main\AndroidManifest.xml:10:9-65
27        android:debuggable="true"
28        android:extractNativeLibs="false"
29        android:fullBackupContent="@xml/backup_rules"
29-->src\main\AndroidManifest.xml:11:9-54
30        android:icon="@mipmap/ic_launcher"
30-->src\main\AndroidManifest.xml:12:9-43
31        android:label="@string/app_name"
31-->src\main\AndroidManifest.xml:13:9-41
32        android:supportsRtl="true"
32-->src\main\AndroidManifest.xml:14:9-35
33        android:testOnly="true"
34        android:theme="@style/Theme.Myself" >
34-->src\main\AndroidManifest.xml:15:9-44
35        <activity
35-->src\main\AndroidManifest.xml:17:9-24:20
36            android:name="com.myself.demo.SplachActivity"
36-->src\main\AndroidManifest.xml:18:13-43
37            android:exported="true" >
37-->src\main\AndroidManifest.xml:19:13-36
38            <intent-filter>
38-->src\main\AndroidManifest.xml:20:13-23:29
39                <action android:name="android.intent.action.MAIN" />
39-->src\main\AndroidManifest.xml:21:17-69
39-->src\main\AndroidManifest.xml:21:25-66
40
41                <category android:name="android.intent.category.LAUNCHER" />
41-->src\main\AndroidManifest.xml:22:17-77
41-->src\main\AndroidManifest.xml:22:27-74
42            </intent-filter>
43        </activity>
44        <activity
44-->src\main\AndroidManifest.xml:25:9-28:20
45            android:name="com.myself.demo.MainActivity"
45-->src\main\AndroidManifest.xml:26:13-41
46            android:exported="true" >
46-->src\main\AndroidManifest.xml:27:13-36
47        </activity>
48
49        <service
49-->[com.google.mlkit:object-detection:17.0.0] AndroidManifest.xml:11:9-17:19
50            android:name="com.google.mlkit.common.internal.MlKitComponentDiscoveryService"
50-->[com.google.mlkit:object-detection:17.0.0] AndroidManifest.xml:12:13-91
51            android:directBootAware="true"
51-->[com.google.mlkit:common:18.0.0] AndroidManifest.xml:17:13-43
52            android:exported="false" >
52-->[com.google.mlkit:object-detection:17.0.0] AndroidManifest.xml:13:13-37
53            <meta-data
53-->[com.google.mlkit:object-detection:17.0.0] AndroidManifest.xml:14:13-16:85
54                android:name="com.google.firebase.components:com.google.mlkit.vision.objects.defaults.internal.DefaultObjectsRegistrar"
54-->[com.google.mlkit:object-detection:17.0.0] AndroidManifest.xml:15:17-136
55                android:value="com.google.firebase.components.ComponentRegistrar" />
55-->[com.google.mlkit:object-detection:17.0.0] AndroidManifest.xml:16:17-82
56            <meta-data
56-->[com.google.mlkit:object-detection-custom:17.0.0] AndroidManifest.xml:11:13-13:85
57                android:name="com.google.firebase.components:com.google.mlkit.vision.objects.custom.internal.CustomObjectsRegistrar"
57-->[com.google.mlkit:object-detection-custom:17.0.0] AndroidManifest.xml:12:17-133
58                android:value="com.google.firebase.components.ComponentRegistrar" />
58-->[com.google.mlkit:object-detection-custom:17.0.0] AndroidManifest.xml:13:17-82
59            <meta-data
59-->[com.google.mlkit:vision-internal-vkp:18.2.2] AndroidManifest.xml:14:13-16:85
60                android:name="com.google.firebase.components:com.google.mlkit.vision.vkp.VkpRegistrar"
60-->[com.google.mlkit:vision-internal-vkp:18.2.2] AndroidManifest.xml:15:17-103
61                android:value="com.google.firebase.components.ComponentRegistrar" />
61-->[com.google.mlkit:vision-internal-vkp:18.2.2] AndroidManifest.xml:16:17-82
62            <meta-data
62-->[com.google.mlkit:vision-common:17.0.0] AndroidManifest.xml:12:13-14:85
63                android:name="com.google.firebase.components:com.google.mlkit.vision.common.internal.VisionCommonRegistrar"
63-->[com.google.mlkit:vision-common:17.0.0] AndroidManifest.xml:13:17-124
64                android:value="com.google.firebase.components.ComponentRegistrar" />
64-->[com.google.mlkit:vision-common:17.0.0] AndroidManifest.xml:14:17-82
65            <meta-data
65-->[com.google.mlkit:common:18.0.0] AndroidManifest.xml:20:13-22:85
66                android:name="com.google.firebase.components:com.google.mlkit.common.internal.CommonComponentRegistrar"
66-->[com.google.mlkit:common:18.0.0] AndroidManifest.xml:21:17-120
67                android:value="com.google.firebase.components.ComponentRegistrar" />
67-->[com.google.mlkit:common:18.0.0] AndroidManifest.xml:22:17-82
68        </service>
69
70        <provider
70-->[com.google.mlkit:common:18.0.0] AndroidManifest.xml:9:9-13:38
71            android:name="com.google.mlkit.common.internal.MlKitInitProvider"
71-->[com.google.mlkit:common:18.0.0] AndroidManifest.xml:10:13-78
72            android:authorities="com.myself.demo.mlkitinitprovider"
72-->[com.google.mlkit:common:18.0.0] AndroidManifest.xml:11:13-69
73            android:exported="false"
73-->[com.google.mlkit:common:18.0.0] AndroidManifest.xml:12:13-37
74            android:initOrder="99" />
74-->[com.google.mlkit:common:18.0.0] AndroidManifest.xml:13:13-35
75
76        <activity
76-->[com.google.android.gms:play-services-base:18.0.1] AndroidManifest.xml:20:9-22:45
77            android:name="com.google.android.gms.common.api.GoogleApiActivity"
77-->[com.google.android.gms:play-services-base:18.0.1] AndroidManifest.xml:20:19-85
78            android:exported="false"
78-->[com.google.android.gms:play-services-base:18.0.1] AndroidManifest.xml:22:19-43
79            android:theme="@android:style/Theme.Translucent.NoTitleBar" />
79-->[com.google.android.gms:play-services-base:18.0.1] AndroidManifest.xml:21:19-78
80
81        <meta-data
81-->[com.google.android.gms:play-services-basement:18.0.0] AndroidManifest.xml:21:9-23:69
82            android:name="com.google.android.gms.version"
82-->[com.google.android.gms:play-services-basement:18.0.0] AndroidManifest.xml:22:13-58
83            android:value="@integer/google_play_services_version" />
83-->[com.google.android.gms:play-services-basement:18.0.0] AndroidManifest.xml:23:13-66
84
85        <uses-library
85-->[androidx.window:window:1.0.0] AndroidManifest.xml:25:9-27:40
86            android:name="androidx.window.extensions"
86-->[androidx.window:window:1.0.0] AndroidManifest.xml:26:13-54
87            android:required="false" />
87-->[androidx.window:window:1.0.0] AndroidManifest.xml:27:13-37
88        <uses-library
88-->[androidx.window:window:1.0.0] AndroidManifest.xml:28:9-30:40
89            android:name="androidx.window.sidecar"
89-->[androidx.window:window:1.0.0] AndroidManifest.xml:29:13-51
90            android:required="false" />
90-->[androidx.window:window:1.0.0] AndroidManifest.xml:30:13-37
91
92        <provider
92-->[androidx.emoji2:emoji2:1.2.0] AndroidManifest.xml:24:9-32:20
93            android:name="androidx.startup.InitializationProvider"
93-->[androidx.emoji2:emoji2:1.2.0] AndroidManifest.xml:25:13-67
94            android:authorities="com.myself.demo.androidx-startup"
94-->[androidx.emoji2:emoji2:1.2.0] AndroidManifest.xml:26:13-68
95            android:exported="false" >
95-->[androidx.emoji2:emoji2:1.2.0] AndroidManifest.xml:27:13-37
96            <meta-data
96-->[androidx.emoji2:emoji2:1.2.0] AndroidManifest.xml:29:13-31:52
97                android:name="androidx.emoji2.text.EmojiCompatInitializer"
97-->[androidx.emoji2:emoji2:1.2.0] AndroidManifest.xml:30:17-75
98                android:value="androidx.startup" />
98-->[androidx.emoji2:emoji2:1.2.0] AndroidManifest.xml:31:17-49
99            <meta-data
99-->[androidx.lifecycle:lifecycle-process:2.4.1] AndroidManifest.xml:31:13-33:52
100                android:name="androidx.lifecycle.ProcessLifecycleInitializer"
100-->[androidx.lifecycle:lifecycle-process:2.4.1] AndroidManifest.xml:32:17-78
101                android:value="androidx.startup" />
101-->[androidx.lifecycle:lifecycle-process:2.4.1] AndroidManifest.xml:33:17-49
102            <meta-data
102-->[androidx.profileinstaller:profileinstaller:1.1.0-rc01] AndroidManifest.xml:31:13-33:52
103                android:name="androidx.profileinstaller.ProfileInstallerInitializer"
103-->[androidx.profileinstaller:profileinstaller:1.1.0-rc01] AndroidManifest.xml:32:17-85
104                android:value="androidx.startup" />
104-->[androidx.profileinstaller:profileinstaller:1.1.0-rc01] AndroidManifest.xml:33:17-49
105        </provider> <!-- The activities will be merged into the manifest of the hosting app. -->
106        <activity
106-->[com.google.android.play:core:1.10.3] AndroidManifest.xml:18:9-24:45
107            android:name="com.google.android.play.core.missingsplits.PlayCoreMissingSplitsActivity"
107-->[com.google.android.play:core:1.10.3] AndroidManifest.xml:19:13-100
108            android:enabled="false"
108-->[com.google.android.play:core:1.10.3] AndroidManifest.xml:20:13-36
109            android:exported="false"
109-->[com.google.android.play:core:1.10.3] AndroidManifest.xml:21:13-37
110            android:launchMode="singleInstance"
110-->[com.google.android.play:core:1.10.3] AndroidManifest.xml:22:13-48
111            android:process=":playcore_missing_splits_activity"
111-->[com.google.android.play:core:1.10.3] AndroidManifest.xml:23:13-64
112            android:stateNotNeeded="true" />
112-->[com.google.android.play:core:1.10.3] AndroidManifest.xml:24:13-42
113        <activity
113-->[com.google.android.play:core:1.10.3] AndroidManifest.xml:25:9-29:65
114            android:name="com.google.android.play.core.common.PlayCoreDialogWrapperActivity"
114-->[com.google.android.play:core:1.10.3] AndroidManifest.xml:26:13-93
115            android:exported="false"
115-->[com.google.android.play:core:1.10.3] AndroidManifest.xml:27:13-37
116            android:stateNotNeeded="true"
116-->[com.google.android.play:core:1.10.3] AndroidManifest.xml:28:13-42
117            android:theme="@style/Theme.PlayCore.Transparent" /> <!-- The services will be merged into the manifest of the hosting app. -->
117-->[com.google.android.play:core:1.10.3] AndroidManifest.xml:29:13-62
118        <service
118-->[com.google.android.play:core:1.10.3] AndroidManifest.xml:32:9-39:19
119            android:name="com.google.android.play.core.assetpacks.AssetPackExtractionService"
119-->[com.google.android.play:core:1.10.3] AndroidManifest.xml:33:13-94
120            android:enabled="false"
120-->[com.google.android.play:core:1.10.3] AndroidManifest.xml:34:13-36
121            android:exported="true" >
121-->[com.google.android.play:core:1.10.3] AndroidManifest.xml:35:13-36
122            <meta-data
122-->[com.google.android.play:core:1.10.3] AndroidManifest.xml:36:13-38:41
123                android:name="com.google.android.play.core.assetpacks.versionCode"
123-->[com.google.android.play:core:1.10.3] AndroidManifest.xml:37:17-83
124                android:value="11003" />
124-->[com.google.android.play:core:1.10.3] AndroidManifest.xml:38:17-38
125        </service>
126        <service
126-->[com.google.android.play:core:1.10.3] AndroidManifest.xml:40:9-43:40
127            android:name="com.google.android.play.core.assetpacks.ExtractionForegroundService"
127-->[com.google.android.play:core:1.10.3] AndroidManifest.xml:41:13-95
128            android:enabled="false"
128-->[com.google.android.play:core:1.10.3] AndroidManifest.xml:42:13-36
129            android:exported="false" />
129-->[com.google.android.play:core:1.10.3] AndroidManifest.xml:43:13-37
130
131        <receiver
131-->[androidx.profileinstaller:profileinstaller:1.1.0-rc01] AndroidManifest.xml:36:9-45:20
132            android:name="androidx.profileinstaller.ProfileInstallReceiver"
132-->[androidx.profileinstaller:profileinstaller:1.1.0-rc01] AndroidManifest.xml:37:13-76
133            android:directBootAware="false"
133-->[androidx.profileinstaller:profileinstaller:1.1.0-rc01] AndroidManifest.xml:38:13-44
134            android:enabled="true"
134-->[androidx.profileinstaller:profileinstaller:1.1.0-rc01] AndroidManifest.xml:39:13-35
135            android:exported="true"
135-->[androidx.profileinstaller:profileinstaller:1.1.0-rc01] AndroidManifest.xml:40:13-36
136            android:permission="android.permission.DUMP" >
136-->[androidx.profileinstaller:profileinstaller:1.1.0-rc01] AndroidManifest.xml:41:13-57
137            <intent-filter>
137-->[androidx.profileinstaller:profileinstaller:1.1.0-rc01] AndroidManifest.xml:42:13-44:29
138                <action android:name="androidx.profileinstaller.action.INSTALL_PROFILE" />
138-->[androidx.profileinstaller:profileinstaller:1.1.0-rc01] AndroidManifest.xml:43:17-91
138-->[androidx.profileinstaller:profileinstaller:1.1.0-rc01] AndroidManifest.xml:43:25-88
139            </intent-filter>
140        </receiver>
141
142        <service
142-->[com.google.android.datatransport:transport-backend-cct:2.3.3] AndroidManifest.xml:29:9-35:19
143            android:name="com.google.android.datatransport.runtime.backends.TransportBackendDiscovery"
143-->[com.google.android.datatransport:transport-backend-cct:2.3.3] AndroidManifest.xml:30:13-103
144            android:exported="false" >
144-->[com.google.android.datatransport:transport-backend-cct:2.3.3] AndroidManifest.xml:31:13-37
145            <meta-data
145-->[com.google.android.datatransport:transport-backend-cct:2.3.3] AndroidManifest.xml:32:13-34:39
146                android:name="backend:com.google.android.datatransport.cct.CctBackendFactory"
146-->[com.google.android.datatransport:transport-backend-cct:2.3.3] AndroidManifest.xml:33:17-94
147                android:value="cct" />
147-->[com.google.android.datatransport:transport-backend-cct:2.3.3] AndroidManifest.xml:34:17-36
148        </service>
149        <service
149-->[com.google.android.datatransport:transport-runtime:2.2.6] AndroidManifest.xml:26:9-30:19
150            android:name="com.google.android.datatransport.runtime.scheduling.jobscheduling.JobInfoSchedulerService"
150-->[com.google.android.datatransport:transport-runtime:2.2.6] AndroidManifest.xml:27:13-117
151            android:exported="false"
151-->[com.google.android.datatransport:transport-runtime:2.2.6] AndroidManifest.xml:28:13-37
152            android:permission="android.permission.BIND_JOB_SERVICE" >
152-->[com.google.android.datatransport:transport-runtime:2.2.6] AndroidManifest.xml:29:13-69
153        </service>
154
155        <receiver
155-->[com.google.android.datatransport:transport-runtime:2.2.6] AndroidManifest.xml:32:9-34:40
156            android:name="com.google.android.datatransport.runtime.scheduling.jobscheduling.AlarmManagerSchedulerBroadcastReceiver"
156-->[com.google.android.datatransport:transport-runtime:2.2.6] AndroidManifest.xml:33:13-132
157            android:exported="false" />
157-->[com.google.android.datatransport:transport-runtime:2.2.6] AndroidManifest.xml:34:13-37
158    </application>
159
160</manifest>